<?xml version="1.0" encoding="UTF-8"?>
<testng-results ignored="0" total="1" passed="1" failed="0" skipped="0">
  <reporter-output>
  </reporter-output>
  <suite started-at="2023-11-20T11:11:30 IST" name="Default suite" finished-at="2023-11-20T11:12:01 IST" duration-ms="30798">
    <groups>
    </groups>
    <test started-at="2023-11-20T11:11:30 IST" name="Default test" finished-at="2023-11-20T11:12:01 IST" duration-ms="30798">
      <class name="rtp.payLater">
        <test-method signature="rtp()[pri:0, instance:rtp.payLater@791f145a]" started-at="2023-11-20T11:11:31 IST" name="rtp" finished-at="2023-11-20T11:12:01 IST" duration-ms="30623" status="PASS">
          <reporter-output>
          </reporter-output>
        </test-method> <!-- rtp -->
      </class> <!-- rtp.payLater -->
    </test> <!-- Default test -->
  </suite> <!-- Default suite -->
</testng-results>
